This file contains any messages produced by compilers while
running configure, to aid debugging if configure makes a mistake.

It was created by hyper configure 0.8.1, which was
generated by GNU Autoconf 2.69.  Invocation command line was

  $ ./configure 

## --------- ##
## Platform. ##
## --------- ##

hostname = hypers1
uname -m = x86_64
uname -r = 3.10.0-327.el7.x86_64
uname -s = Linux
uname -v = #1 SMP Thu Nov 19 22:10:57 UTC 2015

/usr/bin/uname -p = x86_64
/bin/uname -X     = unknown

/bin/arch              = x86_64
/usr/bin/arch -k       = unknown
/usr/convex/getsysinfo = unknown
/usr/bin/hostinfo      = unknown
/bin/machine           = unknown
/usr/bin/oslevel       = unknown
/bin/universe          = unknown

PATH: /usr/local/sbin
PATH: /usr/local/bin
PATH: /usr/sbin
PATH: /usr/bin
PATH: /root/bin
PATH: /root/go/bin
PATH: /usr/local/go/bin
PATH: /root/bin


## ----------- ##
## Core tests. ##
## ----------- ##

configure:2353: checking for a BSD-compatible install
configure:2421: result: /usr/bin/install -c
configure:2432: checking whether build environment is sane
configure:2487: result: yes
configure:2638: checking for a thread-safe mkdir -p
configure:2677: result: /usr/bin/mkdir -p
configure:2684: checking for gawk
configure:2700: found /usr/bin/gawk
configure:2711: result: gawk
configure:2722: checking whether make sets $(MAKE)
configure:2744: result: yes
configure:2773: checking whether make supports nested variables
configure:2790: result: yes
configure:2925: checking for gcc
configure:2941: found /usr/bin/gcc
configure:2952: result: gcc
configure:3181: checking for C compiler version
configure:3190: gcc --version >&5
gcc (GCC) 4.8.5 20150623 (Red Hat 4.8.5-16)
Copyright (C) 2015 Free Software Foundation, Inc.
This is free software; see the source for copying conditions.  There is NO
warranty; not even for MERCHANTABILITY or FITNESS FOR A PARTICULAR PURPOSE.

configure:3201: $? = 0
configure:3190: gcc -v >&5
Using built-in specs.
COLLECT_GCC=gcc
COLLECT_LTO_WRAPPER=/usr/libexec/gcc/x86_64-redhat-linux/4.8.5/lto-wrapper
Target: x86_64-redhat-linux
Configured with: ../configure --prefix=/usr --mandir=/usr/share/man --infodir=/usr/share/info --with-bugurl=http://bugzilla.redhat.com/bugzilla --enable-bootstrap --enable-shared --enable-threads=posix --enable-checking=release --with-system-zlib --enable-__cxa_atexit --disable-libunwind-exceptions --enable-gnu-unique-object --enable-linker-build-id --with-linker-hash-style=gnu --enable-languages=c,c++,objc,obj-c++,java,fortran,ada,go,lto --enable-plugin --enable-initfini-array --disable-libgcj --with-isl=/builddir/build/BUILD/gcc-4.8.5-20150702/obj-x86_64-redhat-linux/isl-install --with-cloog=/builddir/build/BUILD/gcc-4.8.5-20150702/obj-x86_64-redhat-linux/cloog-install --enable-gnu-indirect-function --with-tune=generic --with-arch_32=x86-64 --build=x86_64-redhat-linux
Thread model: posix
gcc version 4.8.5 20150623 (Red Hat 4.8.5-16) (GCC) 
configure:3201: $? = 0
configure:3190: gcc -V >&5
gcc: error: unrecognized command line option '-V'
gcc: fatal error: no input files
compilation terminated.
configure:3201: $? = 4
configure:3190: gcc -qversion >&5
gcc: error: unrecognized command line option '-qversion'
gcc: fatal error: no input files
compilation terminated.
configure:3201: $? = 4
configure:3221: checking whether the C compiler works
configure:3243: gcc    conftest.c  >&5
configure:3247: $? = 0
configure:3295: result: yes
configure:3298: checking for C compiler default output file name
configure:3300: result: a.out
configure:3306: checking for suffix of executables
configure:3313: gcc -o conftest    conftest.c  >&5
configure:3317: $? = 0
configure:3339: result: 
configure:3361: checking whether we are cross compiling
configure:3369: gcc -o conftest    conftest.c  >&5
configure:3373: $? = 0
configure:3380: ./conftest
configure:3384: $? = 0
configure:3399: result: no
configure:3404: checking for suffix of object files
configure:3426: gcc -c   conftest.c >&5
configure:3430: $? = 0
configure:3451: result: o
configure:3455: checking whether we are using the GNU C compiler
configure:3474: gcc -c   conftest.c >&5
configure:3474: $? = 0
configure:3483: result: yes
configure:3492: checking whether gcc accepts -g
configure:3512: gcc -c -g  conftest.c >&5
configure:3512: $? = 0
configure:3553: result: yes
configure:3570: checking for gcc option to accept ISO C89
configure:3633: gcc  -c -g -O2  conftest.c >&5
configure:3633: $? = 0
configure:3646: result: none needed
configure:3677: checking for style of include used by make
configure:3705: result: GNU
configure:3731: checking dependency style of gcc
configure:3842: result: none
configure:3907: checking for ar
configure:3923: found /usr/bin/ar
configure:3934: result: ar
configure:3960: checking the archiver (ar) interface
configure:3970: gcc -c -g -O2  conftest.c >&5
configure:3970: $? = 0
configure:3972: ar cru libconftest.a conftest.o >&5
configure:3975: $? = 0
configure:3998: result: ar
configure:4061: checking for ranlib
configure:4077: found /usr/bin/ranlib
configure:4088: result: ranlib
configure:4114: checking for go
configure:4130: found /usr/local/go/bin/go
configure:4142: result: yes
configure:4159: checking build system type
configure:4173: result: x86_64-unknown-linux-gnu
configure:4193: checking host system type
configure:4206: result: x86_64-unknown-linux-gnu
configure:4250: checking for vboxmanage
configure:4278: result: no
configure:4316: checking how to run the C preprocessor
configure:4347: gcc -E  conftest.c
configure:4347: $? = 0
configure:4361: gcc -E  conftest.c
conftest.c:11:28: fatal error: ac_nonexistent.h: No such file or directory
 #include <ac_nonexistent.h>
                            ^
compilation terminated.
configure:4361: $? = 1
configure: failed program was:
| /* confdefs.h */
| #define PACKAGE_NAME "hyper"
| #define PACKAGE_TARNAME "hyper"
| #define PACKAGE_VERSION "0.8.1"
| #define PACKAGE_STRING "hyper 0.8.1"
| #define PACKAGE_BUGREPORT "dev@hyper.sh"
| #define PACKAGE_URL ""
| #define PACKAGE "hyper"
| #define VERSION "0.8.1"
| /* end confdefs.h.  */
| #include <ac_nonexistent.h>
configure:4386: result: gcc -E
configure:4406: gcc -E  conftest.c
configure:4406: $? = 0
configure:4420: gcc -E  conftest.c
conftest.c:11:28: fatal error: ac_nonexistent.h: No such file or directory
 #include <ac_nonexistent.h>
                            ^
compilation terminated.
configure:4420: $? = 1
configure: failed program was:
| /* confdefs.h */
| #define PACKAGE_NAME "hyper"
| #define PACKAGE_TARNAME "hyper"
| #define PACKAGE_VERSION "0.8.1"
| #define PACKAGE_STRING "hyper 0.8.1"
| #define PACKAGE_BUGREPORT "dev@hyper.sh"
| #define PACKAGE_URL ""
| #define PACKAGE "hyper"
| #define VERSION "0.8.1"
| /* end confdefs.h.  */
| #include <ac_nonexistent.h>
configure:4449: checking for grep that handles long lines and -e
configure:4507: result: /usr/bin/grep
configure:4512: checking for egrep
configure:4574: result: /usr/bin/grep -E
configure:4579: checking for ANSI C header files
configure:4599: gcc -c -g -O2  conftest.c >&5
configure:4599: $? = 0
configure:4672: gcc -o conftest -g -O2   conftest.c  >&5
configure:4672: $? = 0
configure:4672: ./conftest
configure:4672: $? = 0
configure:4683: result: yes
configure:4696: checking for sys/types.h
configure:4696: gcc -c -g -O2  conftest.c >&5
configure:4696: $? = 0
configure:4696: result: yes
configure:4696: checking for sys/stat.h
configure:4696: gcc -c -g -O2  conftest.c >&5
configure:4696: $? = 0
configure:4696: result: yes
configure:4696: checking for stdlib.h
configure:4696: gcc -c -g -O2  conftest.c >&5
configure:4696: $? = 0
configure:4696: result: yes
configure:4696: checking for string.h
configure:4696: gcc -c -g -O2  conftest.c >&5
configure:4696: $? = 0
configure:4696: result: yes
configure:4696: checking for memory.h
configure:4696: gcc -c -g -O2  conftest.c >&5
configure:4696: $? = 0
configure:4696: result: yes
configure:4696: checking for strings.h
configure:4696: gcc -c -g -O2  conftest.c >&5
configure:4696: $? = 0
configure:4696: result: yes
configure:4696: checking for inttypes.h
configure:4696: gcc -c -g -O2  conftest.c >&5
configure:4696: $? = 0
configure:4696: result: yes
configure:4696: checking for stdint.h
configure:4696: gcc -c -g -O2  conftest.c >&5
configure:4696: $? = 0
configure:4696: result: yes
configure:4696: checking for unistd.h
configure:4696: gcc -c -g -O2  conftest.c >&5
configure:4696: $? = 0
configure:4696: result: yes
configure:4708: checking libdevmapper.h usability
configure:4708: gcc -c -g -O2  conftest.c >&5
configure:4708: $? = 0
configure:4708: result: yes
configure:4708: checking libdevmapper.h presence
configure:4708: gcc -E  conftest.c
configure:4708: $? = 0
configure:4708: result: yes
configure:4708: checking for libdevmapper.h
configure:4708: result: yes
configure:4728: checking for stdlib.h
configure:4728: result: yes
configure:4728: checking for string.h
configure:4728: result: yes
configure:4728: checking libxl.h usability
configure:4728: gcc -c -g -O2  conftest.c >&5
conftest.c:56:19: fatal error: libxl.h: No such file or directory
 #include <libxl.h>
                   ^
compilation terminated.
configure:4728: $? = 1
configure: failed program was:
| /* confdefs.h */
| #define PACKAGE_NAME "hyper"
| #define PACKAGE_TARNAME "hyper"
| #define PACKAGE_VERSION "0.8.1"
| #define PACKAGE_STRING "hyper 0.8.1"
| #define PACKAGE_BUGREPORT "dev@hyper.sh"
| #define PACKAGE_URL ""
| #define PACKAGE "hyper"
| #define VERSION "0.8.1"
| #define STDC_HEADERS 1
| #define HAVE_SYS_TYPES_H 1
| #define HAVE_SYS_STAT_H 1
| #define HAVE_STDLIB_H 1
| #define HAVE_STRING_H 1
| #define HAVE_MEMORY_H 1
| #define HAVE_STRINGS_H 1
| #define HAVE_INTTYPES_H 1
| #define HAVE_STDINT_H 1
| #define HAVE_UNISTD_H 1
| #define HAVE_STDLIB_H 1
| #define HAVE_STRING_H 1
| /* end confdefs.h.  */
| #include <stdio.h>
| #ifdef HAVE_SYS_TYPES_H
| # include <sys/types.h>
| #endif
| #ifdef HAVE_SYS_STAT_H
| # include <sys/stat.h>
| #endif
| #ifdef STDC_HEADERS
| # include <stdlib.h>
| # include <stddef.h>
| #else
| # ifdef HAVE_STDLIB_H
| #  include <stdlib.h>
| # endif
| #endif
| #ifdef HAVE_STRING_H
| # if !defined STDC_HEADERS && defined HAVE_MEMORY_H
| #  include <memory.h>
| # endif
| # include <string.h>
| #endif
| #ifdef HAVE_STRINGS_H
| # include <strings.h>
| #endif
| #ifdef HAVE_INTTYPES_H
| # include <inttypes.h>
| #endif
| #ifdef HAVE_STDINT_H
| # include <stdint.h>
| #endif
| #ifdef HAVE_UNISTD_H
| # include <unistd.h>
| #endif
| #include <libxl.h>
configure:4728: result: no
configure:4728: checking libxl.h presence
configure:4728: gcc -E  conftest.c
conftest.c:23:19: fatal error: libxl.h: No such file or directory
 #include <libxl.h>
                   ^
compilation terminated.
configure:4728: $? = 1
configure: failed program was:
| /* confdefs.h */
| #define PACKAGE_NAME "hyper"
| #define PACKAGE_TARNAME "hyper"
| #define PACKAGE_VERSION "0.8.1"
| #define PACKAGE_STRING "hyper 0.8.1"
| #define PACKAGE_BUGREPORT "dev@hyper.sh"
| #define PACKAGE_URL ""
| #define PACKAGE "hyper"
| #define VERSION "0.8.1"
| #define STDC_HEADERS 1
| #define HAVE_SYS_TYPES_H 1
| #define HAVE_SYS_STAT_H 1
| #define HAVE_STDLIB_H 1
| #define HAVE_STRING_H 1
| #define HAVE_MEMORY_H 1
| #define HAVE_STRINGS_H 1
| #define HAVE_INTTYPES_H 1
| #define HAVE_STDINT_H 1
| #define HAVE_UNISTD_H 1
| #define HAVE_STDLIB_H 1
| #define HAVE_STRING_H 1
| /* end confdefs.h.  */
| #include <libxl.h>
configure:4728: result: no
configure:4728: checking for libxl.h
configure:4728: result: no
configure:4740: checking for stdbool.h that conforms to C99
configure:4807: gcc -c -g -O2  conftest.c >&5
configure:4807: $? = 0
configure:4814: result: yes
configure:4816: checking for _Bool
configure:4816: gcc -c -g -O2  conftest.c >&5
configure:4816: $? = 0
configure:4816: gcc -c -g -O2  conftest.c >&5
conftest.c: In function 'main':
conftest.c:59:20: error: expected expression before ')' token
 if (sizeof ((_Bool)))
                    ^
configure:4816: $? = 1
configure: failed program was:
| /* confdefs.h */
| #define PACKAGE_NAME "hyper"
| #define PACKAGE_TARNAME "hyper"
| #define PACKAGE_VERSION "0.8.1"
| #define PACKAGE_STRING "hyper 0.8.1"
| #define PACKAGE_BUGREPORT "dev@hyper.sh"
| #define PACKAGE_URL ""
| #define PACKAGE "hyper"
| #define VERSION "0.8.1"
| #define STDC_HEADERS 1
| #define HAVE_SYS_TYPES_H 1
| #define HAVE_SYS_STAT_H 1
| #define HAVE_STDLIB_H 1
| #define HAVE_STRING_H 1
| #define HAVE_MEMORY_H 1
| #define HAVE_STRINGS_H 1
| #define HAVE_INTTYPES_H 1
| #define HAVE_STDINT_H 1
| #define HAVE_UNISTD_H 1
| #define HAVE_STDLIB_H 1
| #define HAVE_STRING_H 1
| /* end confdefs.h.  */
| #include <stdio.h>
| #ifdef HAVE_SYS_TYPES_H
| # include <sys/types.h>
| #endif
| #ifdef HAVE_SYS_STAT_H
| # include <sys/stat.h>
| #endif
| #ifdef STDC_HEADERS
| # include <stdlib.h>
| # include <stddef.h>
| #else
| # ifdef HAVE_STDLIB_H
| #  include <stdlib.h>
| # endif
| #endif
| #ifdef HAVE_STRING_H
| # if !defined STDC_HEADERS && defined HAVE_MEMORY_H
| #  include <memory.h>
| # endif
| # include <string.h>
| #endif
| #ifdef HAVE_STRINGS_H
| # include <strings.h>
| #endif
| #ifdef HAVE_INTTYPES_H
| # include <inttypes.h>
| #endif
| #ifdef HAVE_STDINT_H
| # include <stdint.h>
| #endif
| #ifdef HAVE_UNISTD_H
| # include <unistd.h>
| #endif
| int
| main ()
| {
| if (sizeof ((_Bool)))
| 	    return 0;
|   ;
|   return 0;
| }
configure:4816: result: yes
configure:4827: checking for pid_t
configure:4827: gcc -c -g -O2  conftest.c >&5
configure:4827: $? = 0
configure:4827: gcc -c -g -O2  conftest.c >&5
conftest.c: In function 'main':
conftest.c:60:20: error: expected expression before ')' token
 if (sizeof ((pid_t)))
                    ^
configure:4827: $? = 1
configure: failed program was:
| /* confdefs.h */
| #define PACKAGE_NAME "hyper"
| #define PACKAGE_TARNAME "hyper"
| #define PACKAGE_VERSION "0.8.1"
| #define PACKAGE_STRING "hyper 0.8.1"
| #define PACKAGE_BUGREPORT "dev@hyper.sh"
| #define PACKAGE_URL ""
| #define PACKAGE "hyper"
| #define VERSION "0.8.1"
| #define STDC_HEADERS 1
| #define HAVE_SYS_TYPES_H 1
| #define HAVE_SYS_STAT_H 1
| #define HAVE_STDLIB_H 1
| #define HAVE_STRING_H 1
| #define HAVE_MEMORY_H 1
| #define HAVE_STRINGS_H 1
| #define HAVE_INTTYPES_H 1
| #define HAVE_STDINT_H 1
| #define HAVE_UNISTD_H 1
| #define HAVE_STDLIB_H 1
| #define HAVE_STRING_H 1
| #define HAVE__BOOL 1
| /* end confdefs.h.  */
| #include <stdio.h>
| #ifdef HAVE_SYS_TYPES_H
| # include <sys/types.h>
| #endif
| #ifdef HAVE_SYS_STAT_H
| # include <sys/stat.h>
| #endif
| #ifdef STDC_HEADERS
| # include <stdlib.h>
| # include <stddef.h>
| #else
| # ifdef HAVE_STDLIB_H
| #  include <stdlib.h>
| # endif
| #endif
| #ifdef HAVE_STRING_H
| # if !defined STDC_HEADERS && defined HAVE_MEMORY_H
| #  include <memory.h>
| # endif
| # include <string.h>
| #endif
| #ifdef HAVE_STRINGS_H
| # include <strings.h>
| #endif
| #ifdef HAVE_INTTYPES_H
| # include <inttypes.h>
| #endif
| #ifdef HAVE_STDINT_H
| # include <stdint.h>
| #endif
| #ifdef HAVE_UNISTD_H
| # include <unistd.h>
| #endif
| int
| main ()
| {
| if (sizeof ((pid_t)))
| 	    return 0;
|   ;
|   return 0;
| }
configure:4827: result: yes
configure:4838: checking for uint32_t
configure:4838: gcc -c -g -O2  conftest.c >&5
configure:4838: $? = 0
configure:4838: result: yes
configure:4852: checking for uint8_t
configure:4852: gcc -c -g -O2  conftest.c >&5
configure:4852: $? = 0
configure:4852: result: yes
configure:4870: checking for stdlib.h
configure:4870: result: yes
configure:4880: checking for GNU libc compatible malloc
configure:4904: gcc -o conftest -g -O2   conftest.c  >&5
configure:4904: $? = 0
configure:4904: ./conftest
configure:4904: $? = 0
configure:4914: result: yes
configure:4937: checking for strdup
configure:4937: gcc -o conftest -g -O2   conftest.c  >&5
conftest.c:49:6: warning: conflicting types for built-in function 'strdup' [enabled by default]
 char strdup ();
      ^
configure:4937: $? = 0
configure:4937: result: yes
configure:5013: checking for pkg-config
configure:5031: found /usr/bin/pkg-config
configure:5043: result: /usr/bin/pkg-config
configure:5068: checking pkg-config is at least version 0.9.0
configure:5071: result: yes
configure:5081: checking for libvirt
configure:5088: $PKG_CONFIG --exists --print-errors "libvirt >= $LIBVIRT_REQUIRED"
configure:5091: $? = 0
configure:5105: $PKG_CONFIG --exists --print-errors "libvirt >= $LIBVIRT_REQUIRED"
configure:5108: $? = 0
configure:5146: result: yes
configure:5175: checking for libxl.h
configure:5175: result: no
configure:5175: checking libxl_utils.h usability
configure:5175: gcc -c -g -O2  conftest.c >&5
conftest.c:60:25: fatal error: libxl_utils.h: No such file or directory
 #include <libxl_utils.h>
                         ^
compilation terminated.
configure:5175: $? = 1
configure: failed program was:
| /* confdefs.h */
| #define PACKAGE_NAME "hyper"
| #define PACKAGE_TARNAME "hyper"
| #define PACKAGE_VERSION "0.8.1"
| #define PACKAGE_STRING "hyper 0.8.1"
| #define PACKAGE_BUGREPORT "dev@hyper.sh"
| #define PACKAGE_URL ""
| #define PACKAGE "hyper"
| #define VERSION "0.8.1"
| #define STDC_HEADERS 1
| #define HAVE_SYS_TYPES_H 1
| #define HAVE_SYS_STAT_H 1
| #define HAVE_STDLIB_H 1
| #define HAVE_STRING_H 1
| #define HAVE_MEMORY_H 1
| #define HAVE_STRINGS_H 1
| #define HAVE_INTTYPES_H 1
| #define HAVE_STDINT_H 1
| #define HAVE_UNISTD_H 1
| #define HAVE_STDLIB_H 1
| #define HAVE_STRING_H 1
| #define HAVE__BOOL 1
| #define HAVE_STDLIB_H 1
| #define HAVE_MALLOC 1
| #define HAVE_STRDUP 1
| /* end confdefs.h.  */
| #include <stdio.h>
| #ifdef HAVE_SYS_TYPES_H
| # include <sys/types.h>
| #endif
| #ifdef HAVE_SYS_STAT_H
| # include <sys/stat.h>
| #endif
| #ifdef STDC_HEADERS
| # include <stdlib.h>
| # include <stddef.h>
| #else
| # ifdef HAVE_STDLIB_H
| #  include <stdlib.h>
| # endif
| #endif
| #ifdef HAVE_STRING_H
| # if !defined STDC_HEADERS && defined HAVE_MEMORY_H
| #  include <memory.h>
| # endif
| # include <string.h>
| #endif
| #ifdef HAVE_STRINGS_H
| # include <strings.h>
| #endif
| #ifdef HAVE_INTTYPES_H
| # include <inttypes.h>
| #endif
| #ifdef HAVE_STDINT_H
| # include <stdint.h>
| #endif
| #ifdef HAVE_UNISTD_H
| # include <unistd.h>
| #endif
| #include <libxl_utils.h>
configure:5175: result: no
configure:5175: checking libxl_utils.h presence
configure:5175: gcc -E  conftest.c
conftest.c:27:25: fatal error: libxl_utils.h: No such file or directory
 #include <libxl_utils.h>
                         ^
compilation terminated.
configure:5175: $? = 1
configure: failed program was:
| /* confdefs.h */
| #define PACKAGE_NAME "hyper"
| #define PACKAGE_TARNAME "hyper"
| #define PACKAGE_VERSION "0.8.1"
| #define PACKAGE_STRING "hyper 0.8.1"
| #define PACKAGE_BUGREPORT "dev@hyper.sh"
| #define PACKAGE_URL ""
| #define PACKAGE "hyper"
| #define VERSION "0.8.1"
| #define STDC_HEADERS 1
| #define HAVE_SYS_TYPES_H 1
| #define HAVE_SYS_STAT_H 1
| #define HAVE_STDLIB_H 1
| #define HAVE_STRING_H 1
| #define HAVE_MEMORY_H 1
| #define HAVE_STRINGS_H 1
| #define HAVE_INTTYPES_H 1
| #define HAVE_STDINT_H 1
| #define HAVE_UNISTD_H 1
| #define HAVE_STDLIB_H 1
| #define HAVE_STRING_H 1
| #define HAVE__BOOL 1
| #define HAVE_STDLIB_H 1
| #define HAVE_MALLOC 1
| #define HAVE_STRDUP 1
| /* end confdefs.h.  */
| #include <libxl_utils.h>
configure:5175: result: no
configure:5175: checking for libxl_utils.h
configure:5175: result: no
configure:5222: checking btrfs/ioctl.h, usability
configure:5222: gcc -c -g -O2  conftest.c >&5
conftest.c:60:26: fatal error: btrfs/ioctl.h,: No such file or directory
 #include <btrfs/ioctl.h,>
                          ^
compilation terminated.
configure:5222: $? = 1
configure: failed program was:
| /* confdefs.h */
| #define PACKAGE_NAME "hyper"
| #define PACKAGE_TARNAME "hyper"
| #define PACKAGE_VERSION "0.8.1"
| #define PACKAGE_STRING "hyper 0.8.1"
| #define PACKAGE_BUGREPORT "dev@hyper.sh"
| #define PACKAGE_URL ""
| #define PACKAGE "hyper"
| #define VERSION "0.8.1"
| #define STDC_HEADERS 1
| #define HAVE_SYS_TYPES_H 1
| #define HAVE_SYS_STAT_H 1
| #define HAVE_STDLIB_H 1
| #define HAVE_STRING_H 1
| #define HAVE_MEMORY_H 1
| #define HAVE_STRINGS_H 1
| #define HAVE_INTTYPES_H 1
| #define HAVE_STDINT_H 1
| #define HAVE_UNISTD_H 1
| #define HAVE_STDLIB_H 1
| #define HAVE_STRING_H 1
| #define HAVE__BOOL 1
| #define HAVE_STDLIB_H 1
| #define HAVE_MALLOC 1
| #define HAVE_STRDUP 1
| /* end confdefs.h.  */
| #include <stdio.h>
| #ifdef HAVE_SYS_TYPES_H
| # include <sys/types.h>
| #endif
| #ifdef HAVE_SYS_STAT_H
| # include <sys/stat.h>
| #endif
| #ifdef STDC_HEADERS
| # include <stdlib.h>
| # include <stddef.h>
| #else
| # ifdef HAVE_STDLIB_H
| #  include <stdlib.h>
| # endif
| #endif
| #ifdef HAVE_STRING_H
| # if !defined STDC_HEADERS && defined HAVE_MEMORY_H
| #  include <memory.h>
| # endif
| # include <string.h>
| #endif
| #ifdef HAVE_STRINGS_H
| # include <strings.h>
| #endif
| #ifdef HAVE_INTTYPES_H
| # include <inttypes.h>
| #endif
| #ifdef HAVE_STDINT_H
| # include <stdint.h>
| #endif
| #ifdef HAVE_UNISTD_H
| # include <unistd.h>
| #endif
| #include <btrfs/ioctl.h,>
configure:5222: result: no
configure:5222: checking btrfs/ioctl.h, presence
configure:5222: gcc -E  conftest.c
conftest.c:27:26: fatal error: btrfs/ioctl.h,: No such file or directory
 #include <btrfs/ioctl.h,>
                          ^
compilation terminated.
configure:5222: $? = 1
configure: failed program was:
| /* confdefs.h */
| #define PACKAGE_NAME "hyper"
| #define PACKAGE_TARNAME "hyper"
| #define PACKAGE_VERSION "0.8.1"
| #define PACKAGE_STRING "hyper 0.8.1"
| #define PACKAGE_BUGREPORT "dev@hyper.sh"
| #define PACKAGE_URL ""
| #define PACKAGE "hyper"
| #define VERSION "0.8.1"
| #define STDC_HEADERS 1
| #define HAVE_SYS_TYPES_H 1
| #define HAVE_SYS_STAT_H 1
| #define HAVE_STDLIB_H 1
| #define HAVE_STRING_H 1
| #define HAVE_MEMORY_H 1
| #define HAVE_STRINGS_H 1
| #define HAVE_INTTYPES_H 1
| #define HAVE_STDINT_H 1
| #define HAVE_UNISTD_H 1
| #define HAVE_STDLIB_H 1
| #define HAVE_STRING_H 1
| #define HAVE__BOOL 1
| #define HAVE_STDLIB_H 1
| #define HAVE_MALLOC 1
| #define HAVE_STRDUP 1
| /* end confdefs.h.  */
| #include <btrfs/ioctl.h,>
configure:5222: result: no
configure:5222: checking for btrfs/ioctl.h,
configure:5222: result: no
configure:5222: checking btrfs/ctree.h usability
configure:5222: gcc -c -g -O2  conftest.c >&5
conftest.c:60:25: fatal error: btrfs/ctree.h: No such file or directory
 #include <btrfs/ctree.h>
                         ^
compilation terminated.
configure:5222: $? = 1
configure: failed program was:
| /* confdefs.h */
| #define PACKAGE_NAME "hyper"
| #define PACKAGE_TARNAME "hyper"
| #define PACKAGE_VERSION "0.8.1"
| #define PACKAGE_STRING "hyper 0.8.1"
| #define PACKAGE_BUGREPORT "dev@hyper.sh"
| #define PACKAGE_URL ""
| #define PACKAGE "hyper"
| #define VERSION "0.8.1"
| #define STDC_HEADERS 1
| #define HAVE_SYS_TYPES_H 1
| #define HAVE_SYS_STAT_H 1
| #define HAVE_STDLIB_H 1
| #define HAVE_STRING_H 1
| #define HAVE_MEMORY_H 1
| #define HAVE_STRINGS_H 1
| #define HAVE_INTTYPES_H 1
| #define HAVE_STDINT_H 1
| #define HAVE_UNISTD_H 1
| #define HAVE_STDLIB_H 1
| #define HAVE_STRING_H 1
| #define HAVE__BOOL 1
| #define HAVE_STDLIB_H 1
| #define HAVE_MALLOC 1
| #define HAVE_STRDUP 1
| /* end confdefs.h.  */
| #include <stdio.h>
| #ifdef HAVE_SYS_TYPES_H
| # include <sys/types.h>
| #endif
| #ifdef HAVE_SYS_STAT_H
| # include <sys/stat.h>
| #endif
| #ifdef STDC_HEADERS
| # include <stdlib.h>
| # include <stddef.h>
| #else
| # ifdef HAVE_STDLIB_H
| #  include <stdlib.h>
| # endif
| #endif
| #ifdef HAVE_STRING_H
| # if !defined STDC_HEADERS && defined HAVE_MEMORY_H
| #  include <memory.h>
| # endif
| # include <string.h>
| #endif
| #ifdef HAVE_STRINGS_H
| # include <strings.h>
| #endif
| #ifdef HAVE_INTTYPES_H
| # include <inttypes.h>
| #endif
| #ifdef HAVE_STDINT_H
| # include <stdint.h>
| #endif
| #ifdef HAVE_UNISTD_H
| # include <unistd.h>
| #endif
| #include <btrfs/ctree.h>
configure:5222: result: no
configure:5222: checking btrfs/ctree.h presence
configure:5222: gcc -E  conftest.c
conftest.c:27:25: fatal error: btrfs/ctree.h: No such file or directory
 #include <btrfs/ctree.h>
                         ^
compilation terminated.
configure:5222: $? = 1
configure: failed program was:
| /* confdefs.h */
| #define PACKAGE_NAME "hyper"
| #define PACKAGE_TARNAME "hyper"
| #define PACKAGE_VERSION "0.8.1"
| #define PACKAGE_STRING "hyper 0.8.1"
| #define PACKAGE_BUGREPORT "dev@hyper.sh"
| #define PACKAGE_URL ""
| #define PACKAGE "hyper"
| #define VERSION "0.8.1"
| #define STDC_HEADERS 1
| #define HAVE_SYS_TYPES_H 1
| #define HAVE_SYS_STAT_H 1
| #define HAVE_STDLIB_H 1
| #define HAVE_STRING_H 1
| #define HAVE_MEMORY_H 1
| #define HAVE_STRINGS_H 1
| #define HAVE_INTTYPES_H 1
| #define HAVE_STDINT_H 1
| #define HAVE_UNISTD_H 1
| #define HAVE_STDLIB_H 1
| #define HAVE_STRING_H 1
| #define HAVE__BOOL 1
| #define HAVE_STDLIB_H 1
| #define HAVE_MALLOC 1
| #define HAVE_STRDUP 1
| /* end confdefs.h.  */
| #include <btrfs/ctree.h>
configure:5222: result: no
configure:5222: checking for btrfs/ctree.h
configure:5222: result: no
configure:5236: checking btrfs/version.h usability
configure:5236: gcc -c -g -O2  conftest.c >&5
conftest.c:60:27: fatal error: btrfs/version.h: No such file or directory
 #include <btrfs/version.h>
                           ^
compilation terminated.
configure:5236: $? = 1
configure: failed program was:
| /* confdefs.h */
| #define PACKAGE_NAME "hyper"
| #define PACKAGE_TARNAME "hyper"
| #define PACKAGE_VERSION "0.8.1"
| #define PACKAGE_STRING "hyper 0.8.1"
| #define PACKAGE_BUGREPORT "dev@hyper.sh"
| #define PACKAGE_URL ""
| #define PACKAGE "hyper"
| #define VERSION "0.8.1"
| #define STDC_HEADERS 1
| #define HAVE_SYS_TYPES_H 1
| #define HAVE_SYS_STAT_H 1
| #define HAVE_STDLIB_H 1
| #define HAVE_STRING_H 1
| #define HAVE_MEMORY_H 1
| #define HAVE_STRINGS_H 1
| #define HAVE_INTTYPES_H 1
| #define HAVE_STDINT_H 1
| #define HAVE_UNISTD_H 1
| #define HAVE_STDLIB_H 1
| #define HAVE_STRING_H 1
| #define HAVE__BOOL 1
| #define HAVE_STDLIB_H 1
| #define HAVE_MALLOC 1
| #define HAVE_STRDUP 1
| /* end confdefs.h.  */
| #include <stdio.h>
| #ifdef HAVE_SYS_TYPES_H
| # include <sys/types.h>
| #endif
| #ifdef HAVE_SYS_STAT_H
| # include <sys/stat.h>
| #endif
| #ifdef STDC_HEADERS
| # include <stdlib.h>
| # include <stddef.h>
| #else
| # ifdef HAVE_STDLIB_H
| #  include <stdlib.h>
| # endif
| #endif
| #ifdef HAVE_STRING_H
| # if !defined STDC_HEADERS && defined HAVE_MEMORY_H
| #  include <memory.h>
| # endif
| # include <string.h>
| #endif
| #ifdef HAVE_STRINGS_H
| # include <strings.h>
| #endif
| #ifdef HAVE_INTTYPES_H
| # include <inttypes.h>
| #endif
| #ifdef HAVE_STDINT_H
| # include <stdint.h>
| #endif
| #ifdef HAVE_UNISTD_H
| # include <unistd.h>
| #endif
| #include <btrfs/version.h>
configure:5236: result: no
configure:5236: checking btrfs/version.h presence
configure:5236: gcc -E  conftest.c
conftest.c:27:27: fatal error: btrfs/version.h: No such file or directory
 #include <btrfs/version.h>
                           ^
compilation terminated.
configure:5236: $? = 1
configure: failed program was:
| /* confdefs.h */
| #define PACKAGE_NAME "hyper"
| #define PACKAGE_TARNAME "hyper"
| #define PACKAGE_VERSION "0.8.1"
| #define PACKAGE_STRING "hyper 0.8.1"
| #define PACKAGE_BUGREPORT "dev@hyper.sh"
| #define PACKAGE_URL ""
| #define PACKAGE "hyper"
| #define VERSION "0.8.1"
| #define STDC_HEADERS 1
| #define HAVE_SYS_TYPES_H 1
| #define HAVE_SYS_STAT_H 1
| #define HAVE_STDLIB_H 1
| #define HAVE_STRING_H 1
| #define HAVE_MEMORY_H 1
| #define HAVE_STRINGS_H 1
| #define HAVE_INTTYPES_H 1
| #define HAVE_STDINT_H 1
| #define HAVE_UNISTD_H 1
| #define HAVE_STDLIB_H 1
| #define HAVE_STRING_H 1
| #define HAVE__BOOL 1
| #define HAVE_STDLIB_H 1
| #define HAVE_MALLOC 1
| #define HAVE_STRDUP 1
| /* end confdefs.h.  */
| #include <btrfs/version.h>
configure:5236: result: no
configure:5236: checking for btrfs/version.h
configure:5236: result: no
configure:5421: checking that generated files are newer than configure
configure:5427: result: done
configure:5482: creating ./config.status

## ---------------------- ##
## Running config.status. ##
## ---------------------- ##

This file was extended by hyper config.status 0.8.1, which was
generated by GNU Autoconf 2.69.  Invocation command line was

  CONFIG_FILES    = 
  CONFIG_HEADERS  = 
  CONFIG_LINKS    = 
  CONFIG_COMMANDS = 
  $ ./config.status 

on hypers1

config.status:808: creating Makefile
config.status:980: executing depfiles commands
configure:6627: result:
	hyper  0.8.1
	build OS:   linux-gnu
	prefix:	    /usr/local

	has go:     yes

	with xen:   no

	with libvirt: yes

	with btrfs: no

	has virtualbox: no


## ---------------- ##
## Cache variables. ##
## ---------------- ##

ac_cv_build=x86_64-unknown-linux-gnu
ac_cv_c_compiler_gnu=yes
ac_cv_c_uint32_t=yes
ac_cv_c_uint8_t=yes
ac_cv_env_CC_set=
ac_cv_env_CC_value=
ac_cv_env_CFLAGS_set=
ac_cv_env_CFLAGS_value=
ac_cv_env_CPPFLAGS_set=
ac_cv_env_CPPFLAGS_value=
ac_cv_env_CPP_set=
ac_cv_env_CPP_value=
ac_cv_env_LDFLAGS_set=
ac_cv_env_LDFLAGS_value=
ac_cv_env_LIBS_set=
ac_cv_env_LIBS_value=
ac_cv_env_PKG_CONFIG_LIBDIR_set=
ac_cv_env_PKG_CONFIG_LIBDIR_value=
ac_cv_env_PKG_CONFIG_PATH_set=
ac_cv_env_PKG_CONFIG_PATH_value=
ac_cv_env_PKG_CONFIG_set=
ac_cv_env_PKG_CONFIG_value=
ac_cv_env_build_alias_set=
ac_cv_env_build_alias_value=
ac_cv_env_host_alias_set=
ac_cv_env_host_alias_value=
ac_cv_env_libvirt_CFLAGS_set=
ac_cv_env_libvirt_CFLAGS_value=
ac_cv_env_libvirt_LIBS_set=
ac_cv_env_libvirt_LIBS_value=
ac_cv_env_target_alias_set=
ac_cv_env_target_alias_value=
ac_cv_func_malloc_0_nonnull=yes
ac_cv_func_strdup=yes
ac_cv_header_btrfs_ctree_h=no
ac_cv_header_btrfs_ioctl_h_=no
ac_cv_header_btrfs_version_h=no
ac_cv_header_inttypes_h=yes
ac_cv_header_libdevmapper_h=yes
ac_cv_header_libxl_h=no
ac_cv_header_libxl_utils_h=no
ac_cv_header_memory_h=yes
ac_cv_header_stdbool_h=yes
ac_cv_header_stdc=yes
ac_cv_header_stdint_h=yes
ac_cv_header_stdlib_h=yes
ac_cv_header_string_h=yes
ac_cv_header_strings_h=yes
ac_cv_header_sys_stat_h=yes
ac_cv_header_sys_types_h=yes
ac_cv_header_unistd_h=yes
ac_cv_host=x86_64-unknown-linux-gnu
ac_cv_objext=o
ac_cv_path_EGREP='/usr/bin/grep -E'
ac_cv_path_GREP=/usr/bin/grep
ac_cv_path_ac_pt_PKG_CONFIG=/usr/bin/pkg-config
ac_cv_path_install='/usr/bin/install -c'
ac_cv_path_mkdir=/usr/bin/mkdir
ac_cv_prog_AWK=gawk
ac_cv_prog_CPP='gcc -E'
ac_cv_prog_ac_ct_AR=ar
ac_cv_prog_ac_ct_CC=gcc
ac_cv_prog_ac_ct_RANLIB=ranlib
ac_cv_prog_cc_c89=
ac_cv_prog_cc_g=yes
ac_cv_prog_has_go=yes
ac_cv_prog_has_virtualbox=no
ac_cv_prog_make_make_set=yes
ac_cv_type__Bool=yes
ac_cv_type_pid_t=yes
am_cv_CC_dependencies_compiler_type=none
am_cv_ar_interface=ar
am_cv_make_support_nested_variables=yes
pkg_cv_libvirt_CFLAGS=' '
pkg_cv_libvirt_LIBS='-lvirt  '

## ----------------- ##
## Output variables. ##
## ----------------- ##

ACLOCAL='${SHELL} /usr/local/go/src/github.com/hyperhq/hyperd/missing aclocal-1.13'
AMDEPBACKSLASH='\'
AMDEP_FALSE='#'
AMDEP_TRUE=''
AMTAR='$${TAR-tar}'
AM_BACKSLASH='\'
AM_DEFAULT_V='$(AM_DEFAULT_VERBOSITY)'
AM_DEFAULT_VERBOSITY='1'
AM_V='$(V)'
AR='ar'
AUTOCONF='${SHELL} /usr/local/go/src/github.com/hyperhq/hyperd/missing autoconf'
AUTOHEADER='${SHELL} /usr/local/go/src/github.com/hyperhq/hyperd/missing autoheader'
AUTOMAKE='${SHELL} /usr/local/go/src/github.com/hyperhq/hyperd/missing automake-1.13'
AWK='gawk'
CC='gcc'
CCDEPMODE='depmode=none'
CFLAGS='-g -O2'
CPP='gcc -E'
CPPFLAGS=''
CYGPATH_W='echo'
DEFS='-DPACKAGE_NAME=\"hyper\" -DPACKAGE_TARNAME=\"hyper\" -DPACKAGE_VERSION=\"0.8.1\" -DPACKAGE_STRING=\"hyper\ 0.8.1\" -DPACKAGE_BUGREPORT=\"dev@hyper.sh\" -DPACKAGE_URL=\"\" -DPACKAGE=\"hyper\" -DVERSION=\"0.8.1\" -DSTDC_HEADERS=1 -DHAVE_SYS_TYPES_H=1 -DHAVE_SYS_STAT_H=1 -DHAVE_STDLIB_H=1 -DHAVE_STRING_H=1 -DHAVE_MEMORY_H=1 -DHAVE_STRINGS_H=1 -DHAVE_INTTYPES_H=1 -DHAVE_STDINT_H=1 -DHAVE_UNISTD_H=1 -DHAVE_STDLIB_H=1 -DHAVE_STRING_H=1 -DHAVE__BOOL=1 -DHAVE_STDLIB_H=1 -DHAVE_MALLOC=1 -DHAVE_STRDUP=1'
DEPDIR='.deps'
ECHO_C=''
ECHO_N='-n'
ECHO_T=''
EGREP='/usr/bin/grep -E'
EXEEXT=''
GREP='/usr/bin/grep'
INSTALL_DATA='${INSTALL} -m 644'
INSTALL_PROGRAM='${INSTALL}'
INSTALL_SCRIPT='${INSTALL}'
INSTALL_STRIP_PROGRAM='$(install_sh) -c -s'
LDFLAGS=''
LIBOBJS=''
LIBS=''
LTLIBOBJS=''
MAKEINFO='${SHELL} /usr/local/go/src/github.com/hyperhq/hyperd/missing makeinfo'
MKDIR_P='/usr/bin/mkdir -p'
OBJEXT='o'
ON_DARWIN_FALSE=''
ON_DARWIN_TRUE='#'
ON_LINUX_FALSE='#'
ON_LINUX_TRUE=''
PACKAGE='hyper'
PACKAGE_BUGREPORT='dev@hyper.sh'
PACKAGE_NAME='hyper'
PACKAGE_STRING='hyper 0.8.1'
PACKAGE_TARNAME='hyper'
PACKAGE_URL=''
PACKAGE_VERSION='0.8.1'
PATH_SEPARATOR=':'
PKG_CONFIG='/usr/bin/pkg-config'
PKG_CONFIG_LIBDIR=''
PKG_CONFIG_PATH=''
RANLIB='ranlib'
SET_MAKE=''
SHELL='/bin/sh'
STRIP=''
VERSION='0.8.1'
WITH_BTRFS_FALSE=''
WITH_BTRFS_HEADER_VERSION_FALSE=''
WITH_BTRFS_HEADER_VERSION_TRUE='#'
WITH_BTRFS_TRUE='#'
WITH_LIBVIRT_FALSE='#'
WITH_LIBVIRT_TRUE=''
WITH_XEN_FALSE=''
WITH_XEN_TRUE='#'
ac_ct_AR='ar'
ac_ct_CC='gcc'
am__EXEEXT_FALSE=''
am__EXEEXT_TRUE='#'
am__fastdepCC_FALSE=''
am__fastdepCC_TRUE='#'
am__include='include'
am__isrc=''
am__leading_dot='.'
am__nodep='_no'
am__quote=''
am__tar='$${TAR-tar} chof - "$$tardir"'
am__untar='$${TAR-tar} xf -'
bindir='${exec_prefix}/bin'
build='x86_64-unknown-linux-gnu'
build_alias=''
build_cpu='x86_64'
build_os='linux-gnu'
build_vendor='unknown'
datadir='${datarootdir}'
datarootdir='${prefix}/share'
docdir='${datarootdir}/doc/${PACKAGE_TARNAME}'
dvidir='${docdir}'
exec_prefix='${prefix}'
has_go='yes'
has_virtualbox='no'
host='x86_64-unknown-linux-gnu'
host_alias=''
host_cpu='x86_64'
host_os='linux-gnu'
host_vendor='unknown'
htmldir='${docdir}'
includedir='${prefix}/include'
infodir='${datarootdir}/info'
install_sh='${SHELL} /usr/local/go/src/github.com/hyperhq/hyperd/install-sh'
libdir='${exec_prefix}/lib'
libexecdir='${exec_prefix}/libexec'
libvirt_CFLAGS=' '
libvirt_LIBS='-lvirt  '
localedir='${datarootdir}/locale'
localstatedir='${prefix}/var'
mandir='${datarootdir}/man'
mkdir_p='$(MKDIR_P)'
oldincludedir='/usr/include'
pdfdir='${docdir}'
prefix='/usr/local'
program_transform_name='s,x,x,'
psdir='${docdir}'
sbindir='${exec_prefix}/sbin'
sharedstatedir='${prefix}/com'
sysconfdir='${prefix}/etc'
target_alias=''

## ----------- ##
## confdefs.h. ##
## ----------- ##

/* confdefs.h */
#define PACKAGE_NAME "hyper"
#define PACKAGE_TARNAME "hyper"
#define PACKAGE_VERSION "0.8.1"
#define PACKAGE_STRING "hyper 0.8.1"
#define PACKAGE_BUGREPORT "dev@hyper.sh"
#define PACKAGE_URL ""
#define PACKAGE "hyper"
#define VERSION "0.8.1"
#define STDC_HEADERS 1
#define HAVE_SYS_TYPES_H 1
#define HAVE_SYS_STAT_H 1
#define HAVE_STDLIB_H 1
#define HAVE_STRING_H 1
#define HAVE_MEMORY_H 1
#define HAVE_STRINGS_H 1
#define HAVE_INTTYPES_H 1
#define HAVE_STDINT_H 1
#define HAVE_UNISTD_H 1
#define HAVE_STDLIB_H 1
#define HAVE_STRING_H 1
#define HAVE__BOOL 1
#define HAVE_STDLIB_H 1
#define HAVE_MALLOC 1
#define HAVE_STRDUP 1

configure: exit 0
